make.exe all --print-data-base --no-builtin-variables --no-builtin-rules --question
# GNU Make 3.81
# Copyright (C) 2006  Free Software Foundation, Inc.
# This is free software; see the source for copying conditions.
# There is NO warranty; not even for MERCHANTABILITY or FITNESS FOR A
# PARTICULAR PURPOSE.

# This program built for i386-pc-mingw32
 

# Make data base, printed on Mon Jun 21 12:15:58 2021

# Variables

# automatic
<D = $(patsubst %/,%,$(dir $<))
# automatic
?F = $(notdir $?)
# makefile
MAKEFLAGS = Rrqp
# environment
VSCODE_LOG_NATIVE = false
# automatic
?D = $(patsubst %/,%,$(dir $?))
# automatic
@D = $(patsubst %/,%,$(dir $@))
# environment
HOMEDRIVE = C:
# automatic
@F = $(notdir $@)
# automatic
^D = $(patsubst %/,%,$(dir $^))
# makefile
CURDIR := d:/WorkRep/s18node
# default
SHELL := sh.exe
# makefile (from `makefile', line 12)
GO = l 
atest
# environment
WINDIR = C:\WINDOWS
# environment
VSCODE_NLS_CONFIG = {"locale":"en-us","availableLanguages":{},"_languagePackSupport":true}
# environment
ONEDRIVE = C:\Users\Rngr\OneDrive
# environment
PATHEXT = .COM;.EXE;.BAT;.CMD;.VBS;.VBE;.JS;.JSE;.WSF;.WSH;.MSC
# makefile (from `makefile', line 1)
MAKEFILE_LIST :=  makefile
# environment
FPS_BROWSER_USER_PROFILE_STRING = Default
# environment
VSCODE_NODE_CACHED_DATA_DIR = C:\Users\Rngr\AppData\Roaming\Code\CachedData\507ce72a4466fbb27b715c3722558bb15afa9f48
# environment
TMP = C:\Users\Rngr\AppData\Local\Temp
# environment
VSCODE_AMD_ENTRYPOINT = vs/workbench/services/extensions/node/extensionHostProcess
# environment
VSCODE_VERBOSE_LOGGING = true
# environment
ETHEREUM_SOCKET = \\.\pipe\geth.ipc
# environment
PROGRAMW6432 = C:\Program Files
# environment
PROGRAMDATA = C:\ProgramData
# environment
VSCODE_IPC_HOOK_EXTHOST = \\.\pipe\vscode-ipc-f6cf4fae-9013-4fb7-abe8-5f936ca19bfa-sock
# environment
VSCODE_CWD = C:\Users\Rngr\AppData\Local\Programs\Microsoft VS Code
# environment
GOPROXY = https://proxy.golang.org,direct
# environment
PATH = C:\Program Files (x86)\VMware\VMware Workstation\bin\;C:\ProgramData\Oracle\Java\javapath;C:\Program Files (x86)\Common Files\Oracle\Java\javapath;C:\WINDOWS\system32;C:\WINDOWS;C:\WINDOWS\System32\Wbem;C:\WINDOWS\System32\WindowsPowerShell\v1.0\;C:\WINDOWS\System32\OpenSSH\;C:\Program Files (x86)\ATI Technologies\ATI.ACE\Core-Static;C:\Program Files\Java\jdk1.8.0_101\bin;G:\xampp\php;C:\ProgramData\ComposerSetup\bin;D:\android_sdk\tools;D:\android_sdk\platform-tools;C:\Program Files\Git\cmd;C:\Program Files\nodejs\;C:\Program Files\Geth;C:\Program Files\Go\bin;C:\Program Files (x86)\GnuWin32\bin;C:\Users\Rngr\AppData\Local\Programs\Microsoft VS Code\bin;C:\Users\Rngr\AppData\Local\Microsoft\WindowsApps;C:\Users\Rngr\AppData\Roaming\Composer\vendor\bin;C:\Users\Rngr\AppData\Local\GitHubDesktop\bin;C:\Users\Rngr\AppData\Roaming\npm;C:\Users\Rngr\go\bin
# environment
COMMONPROGRAMW6432 = C:\Program Files\Common Files
# environment
PROCESSOR_ARCHITECTURE = x86
# environment
USERPROFILE = C:\Users\Rngr
# environment
ALLUSERSPROFILE = C:\ProgramData
# environment
GOPATH = C:\Users\Rngr\go
# environment
VSCODE_LOG_STACK = false
# environment
NUMBER_OF_PROCESSORS = 4
# environment
ELECTRON_RUN_AS_NODE = 1
# environment
ANDROID_HOME = D:\android_sdk
# default
.FEATURES := target-specific order-only second-expansion else-if archives
# automatic
%F = $(notdir $%)
# makefile (from `makefile', line 11)
GOBIN = $(shell pwd)/build/bin
# environment
CHROME_CRASHPAD_PIPE_NAME = \\.\pipe\crashpad_9156_XCHSFYGACHVNFKOX
# environment
VSCODE_PIPE_LOGGING = true
# environment
COMPUTERNAME = DESKTOP-HUSIU34
# environment
PROGRAMFILES = C:\Program Files (x86)
# environment
DRIVERDATA = C:\Windows\System32\Drivers\DriverData
# environment
ORIGINAL_XDG_CURRENT_DESKTOP = undefined
# environment
USERNAME = Rngr
# environment
PUBLIC = C:\Users\Public
# environment
GOMODCACHE = C:\Users\Rngr\go\pkg\mod
# environment
APPLICATION_INSIGHTS_NO_DIAGNOSTIC_CHANNEL = true
# environment
COMMONPROGRAMFILES = C:\Program Files (x86)\Common Files
# environment
LOGONSERVER = \\DESKTOP-HUSIU34
# environment
VSCODE_HANDLES_UNCAUGHT_ERRORS = true
# environment
USERDOMAIN = DESKTOP-HUSIU34
# default
MAKE = $(MAKE_COMMAND)
# default
MAKECMDGOALS := all
# environment
JAVA_HOME = C:\Program Files\Java\jdk1.8.0_101
# default
MAKE_VERSION := 3.81
# makefile
.DEFAULT_GOAL := geth
# environment
PROGRAMFILES(X86) = C:\Program Files (x86)
# automatic
%D = $(patsubst %/,%,$(dir $%))
# environment
LOCALAPPDATA = C:\Users\Rngr\AppData\Local
# environment
PSMODULEPATH = C:\Program Files\WindowsPowerShell\Modules;C:\WINDOWS\system32\WindowsPowerShell\v1.0\Modules
# default
MAKE_COMMAND := make.exe
# environment
PROCESSOR_ARCHITEW6432 = AMD64
# default
.VARIABLES := 
# automatic
*F = $(notdir $*)
# environment
PROCESSOR_IDENTIFIER = Intel64 Family 6 Model 60 Stepping 3, GenuineIntel
# environment
OS = Windows_NT
# environment
VSCODE_IPC_HOOK = \\.\pipe\c5114631813bba2af74db5aa02a4d2d9-1.57.1-main-sock
# environment
HOMEPATH = \Users\Rngr
# environment
COMMONPROGRAMFILES(X86) = C:\Program Files (x86)\Common Files
# environment
PROMPT = $P$G
# environment
MFLAGS = -Rrqp
# automatic
*D = $(patsubst %/,%,$(dir $*))
# environment
SYSTEMROOT = C:\WINDOWS
# automatic
+D = $(patsubst %/,%,$(dir $+))
# automatic
+F = $(notdir $+)
# environment
APPDATA = C:\Users\Rngr\AppData\Roaming
# environment
TEMP = C:\Users\Rngr\AppData\Local\Temp
# environment
COMSPEC = C:\WINDOWS\system32\cmd.exe
# default
MAKEFILES := 
# automatic
<F = $(notdir $<)
# environment
ANDROID_SDK_ROOT = D:\android_sdk
# environment
LC_ALL = C
# automatic
^F = $(notdir $^)
# default
SUFFIXES := 
# environment
SYSTEMDRIVE = C:
# environment
SESSIONNAME = Console
# environment
PROCESSOR_REVISION = 3c03
# environment
MAKELEVEL := 0
# environment
LANG = C
# environment
PROCESSOR_LEVEL = 6
# environment
FPS_BROWSER_APP_PROFILE_STRING = Internet Explorer
# environment
VSCODE_PID = 9156
# environment
USERDOMAIN_ROAMINGPROFILE = DESKTOP-HUSIU34
# variable set hash-table stats:
# Load=97/1024=9%, Rehash=0, Collisions=10/120=8%

# Pattern-specific Variable Values

# No pattern-specific variable values.

# Directories

# G:\xampp\php (key G:/xampp/php, mtime 1610850163): 64 files, no impossibilities.
# C:\Program Files\Java\jdk1.8.0_101\bin (key C:/Program Files/Java/jdk1.8.0_101/bin, mtime 1603255040): 56 files, no impossibilities.
# C:\Program Files\Go\bin (key C:/Program Files/Go/bin, mtime 1619735290): 4 files, no impossibilities.
# C:\Users\Rngr\AppData\Local\Programs\Microsoft VS Code\bin (key C:/Users/Rngr/AppData/Local/Programs/Microsoft VS Code/bin, mtime 1623981134): 4 files, no impossibilities.
# C:\WINDOWS\System32\WindowsPowerShell\v1.0\ (key C:/WINDOWS/System32/WindowsPowerShell/v1.0/, mtime 1620617356): 30 files, no impossibilities.
# C:\Users\Rngr\AppData\Roaming\npm (key C:/Users/Rngr/AppData/Roaming/npm, mtime 1621131492): 22 files, no impossibilities.
# C:\WINDOWS\System32\Wbem (key C:/WINDOWS/System32/Wbem, mtime 1624247523): 170 files, no impossibilities.
# . (key d:/WorkRep/s18node, mtime 1624248957): 51 files, no impossibilities.
# C:\Users\Rngr\AppData\Roaming\Composer\vendor\bin: could not be stat'd.
# C:\Program Files\nodejs\ (key C:/Program Files/nodejs/, mtime 1618432770): 11 files, no impossibilities.
# C:\Users\Rngr\AppData\Local\GitHubDesktop\bin (key C:/Users/Rngr/AppData/Local/GitHubDesktop/bin, mtime 1610478978): 4 files, no impossibilities.
# C:\Users\Rngr\AppData\Local\Microsoft\WindowsApps (key C:/Users/Rngr/AppData/Local/Microsoft/WindowsApps, mtime 1624040055): 12 files, no impossibilities.
# D:\android_sdk\tools (key D:/android_sdk/tools, mtime 1566741661): 14 files, no impossibilities.
# C:\Program Files (x86)\VMware\VMware Workstation\bin\ (key C:/Program Files (x86)/VMware/VMware Workstation/bin/, mtime 1621567306): 4 files, no impossibilities.
# C:\WINDOWS\System32\OpenSSH\: could not be stat'd.
# C:\ProgramData\ComposerSetup\bin (key C:/ProgramData/ComposerSetup/bin, mtime 1606120001): 5 files, no impossibilities.
# C:\Program Files (x86)\Common Files\Oracle\Java\javapath (key C:/Program Files (x86)/Common Files/Oracle/Java/javapath, mtime 1619382200): 5 files, no impossibilities.
# D:\android_sdk\platform-tools (key D:/android_sdk/platform-tools, mtime 1616897032): 20 files, no impossibilities.
# C:\WINDOWS (key C:/WINDOWS, mtime 1624247504): 108 files, no impossibilities.
# C:\ProgramData\Oracle\Java\javapath (key C:/ProgramData/Oracle/Java/javapath, mtime 1603296850): 5 files, no impossibilities.
# C:\Users\Rngr\go\bin (key C:/Users/Rngr/go/bin, mtime 1624231217): 5 files, no impossibilities.
# C:\Program Files\Geth (key C:/Program Files/Geth, mtime 1619390381): 10 files, no impossibilities.
# C:\Program Files\Git\cmd (key C:/Program Files/Git/cmd, mtime 1618388165): 8 files, no impossibilities.
# C:\WINDOWS\system32 (key C:/WINDOWS/system32, mtime 1624248089): 2922 files, no impossibilities.
# C:\Program Files (x86)\ATI Technologies\ATI.ACE\Core-Static (key C:/Program Files (x86)/ATI Technologies/ATI.ACE/Core-Static, mtime 1618620036): 332 files, no impossibilities.
# C:\Program Files (x86)\GnuWin32\bin (key C:/Program Files (x86)/GnuWin32/bin, mtime 1624233122): 5 files, no impossibilities.

# 3871 files, no impossibilities in 26 directories.

# Implicit Rules

# No implicit rules.

# Files

geth-linux-mips64:
#  Phony target (prerequisite of .PHONY).
#  Implicit rule search has not been done.
#  File does not exist.
#  File has not been updated.
#  commands to execute (from `makefile', line 107):
	build/env.sh go run build/ci.go xgo -- --go=$(GO) --targets=linux/mips64 --ldflags '-extldflags "-static"' -v ./cmd/geth
	@echo "Linux MIPS64 cross compilation done:"
	@ls -ld $(GOBIN)/geth-linux-* | grep mips64
	

geth-linux-arm: geth-linux-arm-5 geth-linux-arm-6 geth-linux-arm-7 geth-linux-arm64
#  Phony target (prerequisite of .PHONY).
#  Implicit rule search has not been done.
#  File does not exist.
#  File has not been updated.
#  commands to execute (from `makefile', line 73):
	@echo "Linux ARM cross compilation done:"
	@ls -ld $(GOBIN)/geth-linux-* | grep arm
	

geth-linux-mips:
#  Implicit rule search has not been done.
#  Modification time never checked.
#  File has not been updated.
#  commands to execute (from `makefile', line 97):
	build/env.sh go run build/ci.go xgo -- --go=$(GO) --targets=linux/mips --ldflags '-extldflags "-static"' -v ./cmd/geth
	@echo "Linux MIPS cross compilation done:"
	@ls -ld $(GOBIN)/geth-linux-* | grep mips
	

swarm:
#  Phony target (prerequisite of .PHONY).
#  Implicit rule search has not been done.
#  File does not exist.
#  File has not been updated.
#  commands to execute (from `makefile', line 20):
	build/env.sh go run build/ci.go install ./cmd/swarm
	@echo "Done building."
	@echo "Run \"$(GOBIN)/swarm\" to launch swarm."
	

geth-windows-386:
#  Phony target (prerequisite of .PHONY).
#  Implicit rule search has not been done.
#  File does not exist.
#  File has not been updated.
#  commands to execute (from `makefile', line 135):
	build/env.sh go run build/ci.go xgo -- --go=$(GO) --targets=windows/386 -v ./cmd/geth
	@echo "Windows 386 cross compilation done:"
	@ls -ld $(GOBIN)/geth-windows-* | grep 386
	

all:
#  Phony target (prerequisite of .PHONY).
#  Command-line target.
#  Implicit rule search has not been done.
#  Implicit/static pattern stem: `'
#  File does not exist.
#  File has been updated.
#  Needs to be updated (-q is set).
# automatic
# @ := all
# automatic
# % := 
# automatic
# * := 
# automatic
# + := 
# automatic
# | := 
# automatic
# < := 
# automatic
# ^ := 
# automatic
# ? := 
# variable set hash-table stats:
# Load=8/32=25%, Rehash=0, Collisions=1/10=10%
#  commands to execute (from `makefile', line 25):
	build/env.sh go run build/ci.go install
	

geth-linux-386:
#  Phony target (prerequisite of .PHONY).
#  Implicit rule search has not been done.
#  File does not exist.
#  File has not been updated.
#  commands to execute (from `makefile', line 63):
	build/env.sh go run build/ci.go xgo -- --go=$(GO) --targets=linux/386 -v ./cmd/geth
	@echo "Linux 386 cross compilation done:"
	@ls -ld $(GOBIN)/geth-linux-* | grep 386
	

.PHONY: geth android ios geth-cross swarm evm all test clean geth-linux geth-linux-386 geth-linux-amd64 geth-linux-mips64 geth-linux-mips64le geth-linux-arm geth-linux-arm-5 geth-linux-arm-6 geth-linux-arm-7 geth-linux-arm64 geth-darwin geth-darwin-386 geth-darwin-amd64 geth-windows geth-windows-386 geth-windows-amd64
#  Implicit rule search has not been done.
#  Modification time never checked.
#  File has not been updated.

# Not a target:
.DEFAULT:
#  Implicit rule search has not been done.
#  Modification time never checked.
#  File has not been updated.

# Not a target:
geth-android:
#  Implicit rule search has not been done.
#  Modification time never checked.
#  File has not been updated.

devtools:
#  Implicit rule search has not been done.
#  Modification time never checked.
#  File has not been updated.
#  commands to execute (from `makefile', line 47):
	env GOBIN= go get -u golang.org/x/tools/cmd/stringer
	env GOBIN= go get -u github.com/jteeuwen/go-bindata/go-bindata
	env GOBIN= go get -u github.com/fjl/gencodec
	env GOBIN= go install ./cmd/abigen
	

# Not a target:
geth-ios:
#  Implicit rule search has not been done.
#  Modification time never checked.
#  File has not been updated.

test: all
#  Phony target (prerequisite of .PHONY).
#  Implicit rule search has not been done.
#  File does not exist.
#  File has not been updated.
#  commands to execute (from `makefile', line 38):
	build/env.sh go run build/ci.go test
	

# Not a target:
makefile:
#  Implicit rule search has been done.
#  Last modified 2018-03-09 09:05:38
#  File has been updated.
#  Successfully updated.
# variable set hash-table stats:
# Load=0/32=0%, Rehash=0, Collisions=0/0=0%

android:
#  Phony target (prerequisite of .PHONY).
#  Implicit rule search has not been done.
#  File does not exist.
#  File has not been updated.
#  commands to execute (from `makefile', line 28):
	build/env.sh go run build/ci.go aar --local
	@echo "Done building."
	@echo "Import \"$(GOBIN)/geth.aar\" to use the library."
	

geth-windows-amd64:
#  Phony target (prerequisite of .PHONY).
#  Implicit rule search has not been done.
#  File does not exist.
#  File has not been updated.
#  commands to execute (from `makefile', line 140):
	build/env.sh go run build/ci.go xgo -- --go=$(GO) --targets=windows/amd64 -v ./cmd/geth
	@echo "Windows amd64 cross compilation done:"
	@ls -ld $(GOBIN)/geth-windows-* | grep amd64
	

geth-linux-arm-5:
#  Phony target (prerequisite of .PHONY).
#  Implicit rule search has not been done.
#  File does not exist.
#  File has not been updated.
#  commands to execute (from `makefile', line 77):
	build/env.sh go run build/ci.go xgo -- --go=$(GO) --targets=linux/arm-5 -v ./cmd/geth
	@echo "Linux ARMv5 cross compilation done:"
	@ls -ld $(GOBIN)/geth-linux-* | grep arm-5
	

geth-cross: geth-linux geth-darwin geth-windows geth-android geth-ios
#  Phony target (prerequisite of .PHONY).
#  Implicit rule search has not been done.
#  File does not exist.
#  File has not been updated.
#  commands to execute (from `makefile', line 55):
	@echo "Full cross compilation done:"
	@ls -ld $(GOBIN)/geth-*
	

evm:
#  Phony target (prerequisite of .PHONY).
#  Implicit rule search has not been done.
#  File does not exist.
#  File has not been updated.

geth-linux-amd64:
#  Phony target (prerequisite of .PHONY).
#  Implicit rule search has not been done.
#  File does not exist.
#  File has not been updated.
#  commands to execute (from `makefile', line 68):
	build/env.sh go run build/ci.go xgo -- --go=$(GO) --targets=linux/amd64 -v ./cmd/geth
	@echo "Linux amd64 cross compilation done:"
	@ls -ld $(GOBIN)/geth-linux-* | grep amd64
	

geth-linux-mipsle:
#  Implicit rule search has not been done.
#  Modification time never checked.
#  File has not been updated.
#  commands to execute (from `makefile', line 102):
	build/env.sh go run build/ci.go xgo -- --go=$(GO) --targets=linux/mipsle --ldflags '-extldflags "-static"' -v ./cmd/geth
	@echo "Linux MIPSle cross compilation done:"
	@ls -ld $(GOBIN)/geth-linux-* | grep mipsle
	

geth-linux-mips64le:
#  Phony target (prerequisite of .PHONY).
#  Implicit rule search has not been done.
#  File does not exist.
#  File has not been updated.
#  commands to execute (from `makefile', line 112):
	build/env.sh go run build/ci.go xgo -- --go=$(GO) --targets=linux/mips64le --ldflags '-extldflags "-static"' -v ./cmd/geth
	@echo "Linux MIPS64le cross compilation done:"
	@ls -ld $(GOBIN)/geth-linux-* | grep mips64le
	

geth-darwin-386:
#  Phony target (prerequisite of .PHONY).
#  Implicit rule search has not been done.
#  File does not exist.
#  File has not been updated.
#  commands to execute (from `makefile', line 121):
	build/env.sh go run build/ci.go xgo -- --go=$(GO) --targets=darwin/386 -v ./cmd/geth
	@echo "Darwin 386 cross compilation done:"
	@ls -ld $(GOBIN)/geth-darwin-* | grep 386
	

# Not a target:
.SUFFIXES:
#  Implicit rule search has not been done.
#  Modification time never checked.
#  File has not been updated.

geth-windows: geth-windows-386 geth-windows-amd64
#  Phony target (prerequisite of .PHONY).
#  Implicit rule search has not been done.
#  File does not exist.
#  File has not been updated.
#  commands to execute (from `makefile', line 131):
	@echo "Windows cross compilation done:"
	@ls -ld $(GOBIN)/geth-windows-*
	

geth-linux: geth-linux-386 geth-linux-amd64 geth-linux-arm geth-linux-mips64 geth-linux-mips64le
#  Phony target (prerequisite of .PHONY).
#  Implicit rule search has not been done.
#  File does not exist.
#  File has not been updated.
#  commands to execute (from `makefile', line 59):
	@echo "Linux cross compilation done:"
	@ls -ld $(GOBIN)/geth-linux-*
	

geth-linux-arm-7:
#  Phony target (prerequisite of .PHONY).
#  Implicit rule search has not been done.
#  File does not exist.
#  File has not been updated.
#  commands to execute (from `makefile', line 87):
	build/env.sh go run build/ci.go xgo -- --go=$(GO) --targets=linux/arm-7 -v ./cmd/geth
	@echo "Linux ARMv7 cross compilation done:"
	@ls -ld $(GOBIN)/geth-linux-* | grep arm-7
	

geth-linux-arm64:
#  Phony target (prerequisite of .PHONY).
#  Implicit rule search has not been done.
#  File does not exist.
#  File has not been updated.
#  commands to execute (from `makefile', line 92):
	build/env.sh go run build/ci.go xgo -- --go=$(GO) --targets=linux/arm64 -v ./cmd/geth
	@echo "Linux ARM64 cross compilation done:"
	@ls -ld $(GOBIN)/geth-linux-* | grep arm64
	

clean:
#  Phony target (prerequisite of .PHONY).
#  Implicit rule search has not been done.
#  File does not exist.
#  File has not been updated.
#  commands to execute (from `makefile', line 41):
	rm -fr build/_workspace/pkg/ $(GOBIN)/*
	

geth-darwin-amd64:
#  Phony target (prerequisite of .PHONY).
#  Implicit rule search has not been done.
#  File does not exist.
#  File has not been updated.
#  commands to execute (from `makefile', line 126):
	build/env.sh go run build/ci.go xgo -- --go=$(GO) --targets=darwin/amd64 -v ./cmd/geth
	@echo "Darwin amd64 cross compilation done:"
	@ls -ld $(GOBIN)/geth-darwin-* | grep amd64
	

geth-linux-arm-6:
#  Phony target (prerequisite of .PHONY).
#  Implicit rule search has not been done.
#  File does not exist.
#  File has not been updated.
#  commands to execute (from `makefile', line 82):
	build/env.sh go run build/ci.go xgo -- --go=$(GO) --targets=linux/arm-6 -v ./cmd/geth
	@echo "Linux ARMv6 cross compilation done:"
	@ls -ld $(GOBIN)/geth-linux-* | grep arm-6
	

geth:
#  Phony target (prerequisite of .PHONY).
#  Implicit rule search has not been done.
#  File does not exist.
#  File has not been updated.
#  commands to execute (from `makefile', line 15):
	build/env.sh go run build/ci.go install ./cmd/geth
	@echo "Done building."
	@echo "Run \"$(GOBIN)/geth\" to launch geth."
	

geth-darwin: geth-darwin-386 geth-darwin-amd64
#  Phony target (prerequisite of .PHONY).
#  Implicit rule search has not been done.
#  File does not exist.
#  File has not been updated.
#  commands to execute (from `makefile', line 117):
	@echo "Darwin cross compilation done:"
	@ls -ld $(GOBIN)/geth-darwin-*
	

ios:
#  Phony target (prerequisite of .PHONY).
#  Implicit rule search has not been done.
#  File does not exist.
#  File has not been updated.
#  commands to execute (from `makefile', line 33):
	build/env.sh go run build/ci.go xcode --local
	@echo "Done building."
	@echo "Import \"$(GOBIN)/Geth.framework\" to use the library."
	

# files hash-table stats:
# Load=34/1024=3%, Rehash=0, Collisions=0/95=0%
# VPATH Search Paths

# No `vpath' search paths.

# No general (`VPATH' variable) search path.

# # of strings in strcache: 1
# # of strcache buffers: 1
# strcache size: total = 4096 / max = 4096 / min = 4096 / avg = 4096
# strcache free: total = 4087 / max = 4087 / min = 4087 / avg = 4087

# Finished Make data base on Mon Jun 21 12:15:58 2021

 
